<?xml version="1.0" encoding="UTF-8"?>
<testsuite xmlns:xsi="http://www.w3.org/2001/XMLSchema-instance" xsi:noNamespaceSchemaLocation="https://maven.apache.org/surefire/maven-surefire-plugin/xsd/surefire-test-report.xsd" name="com.sai.SpringBootDataApp2ApplicationTests" time="8.677" tests="3" errors="0" skipped="2" failures="0">
  <properties>
[...]
</properties>
  <testcase name="testUpdateTeacherSpecilization_shouldUpdate" classname="com.sai.SpringBootDataApp2ApplicationTests" time="0">
    <skipped/>
    <system-out><![CDATA[21:05:53.453 [main] DEBUG org.springframework.test.context.junit4.SpringJUnit4ClassRunner - SpringJUnit4ClassRunner constructor called with [class com.sai.SpringBootDataApp2ApplicationTests]
21:05:53.463 [main] DEBUG org.springframework.test.context.BootstrapUtils - Instantiating CacheAwareContextLoaderDelegate from class [org.springframework.test.context.cache.DefaultCacheAwareContextLoaderDelegate]
21:05:53.477 [main] DEBUG org.springframework.test.context.BootstrapUtils - Instantiating BootstrapContext using constructor [public org.springframework.test.context.support.DefaultBootstrapContext(java.lang.Class,org.springframework.test.context.CacheAwareContextLoaderDelegate)]
21:05:53.511 [main] DEBUG org.springframework.test.context.BootstrapUtils - Instantiating TestContextBootstrapper for test class [com.sai.SpringBootDataApp2ApplicationTests] from class [org.springframework.boot.test.context.SpringBootTestContextBootstrapper]
21:05:53.551 [main] INFO org.springframework.boot.test.context.SpringBootTestContextBootstrapper - Neither @ContextConfiguration nor @ContextHierarchy found for test class [com.sai.SpringBootDataApp2ApplicationTests], using SpringBootContextLoader
21:05:53.557 [main] DEBUG org.springframework.test.context.support.AbstractContextLoader - Did not detect default resource location for test class [com.sai.SpringBootDataApp2ApplicationTests]: class path resource [com/sai/SpringBootDataApp2ApplicationTests-context.xml] does not exist
21:05:53.558 [main] DEBUG org.springframework.test.context.support.AbstractContextLoader - Did not detect default resource location for test class [com.sai.SpringBootDataApp2ApplicationTests]: class path resource [com/sai/SpringBootDataApp2ApplicationTestsContext.groovy] does not exist
21:05:53.558 [main] INFO org.springframework.test.context.support.AbstractContextLoader - Could not detect default resource locations for test class [com.sai.SpringBootDataApp2ApplicationTests]: no resource found for suffixes {-context.xml, Context.groovy}.
21:05:53.560 [main] INFO org.springframework.test.context.support.AnnotationConfigContextLoaderUtils - Could not detect default configuration classes for test class [com.sai.SpringBootDataApp2ApplicationTests]: SpringBootDataApp2ApplicationTests does not declare any static, non-private, non-final, nested classes annotated with @Configuration.
21:05:53.660 [main] DEBUG org.springframework.test.context.support.ActiveProfilesUtils - Could not find an 'annotation declaring class' for annotation type [org.springframework.test.context.ActiveProfiles] and class [com.sai.SpringBootDataApp2ApplicationTests]
21:05:53.808 [main] DEBUG org.springframework.context.annotation.ClassPathScanningCandidateComponentProvider - Identified candidate component class: file [E:\Spring-Boot-Workspace\SpringBootDataApp2\target\classes\com\sai\SpringBootDataApp2Application.class]
21:05:53.815 [main] INFO org.springframework.boot.test.context.SpringBootTestContextBootstrapper - Found @SpringBootConfiguration com.sai.SpringBootDataApp2Application for test class com.sai.SpringBootDataApp2ApplicationTests
21:05:53.956 [main] DEBUG org.springframework.boot.test.context.SpringBootTestContextBootstrapper - @TestExecutionListeners is not present for class [com.sai.SpringBootDataApp2ApplicationTests]: using defaults.
21:05:53.957 [main] INFO org.springframework.boot.test.context.SpringBootTestContextBootstrapper - Loaded default TestExecutionListener class names from location [META-INF/spring.factories]: [org.springframework.boot.test.mock.mockito.MockitoTestExecutionListener, org.springframework.boot.test.mock.mockito.ResetMocksTestExecutionListener, org.springframework.boot.test.autoconfigure.restdocs.RestDocsTestExecutionListener, org.springframework.boot.test.autoconfigure.web.client.MockRestServiceServerResetTestExecutionListener, org.springframework.boot.test.autoconfigure.web.servlet.MockMvcPrintOnlyOnFailureTestExecutionListener, org.springframework.boot.test.autoconfigure.web.servlet.WebDriverTestExecutionListener, org.springframework.test.context.web.ServletTestExecutionListener, org.springframework.test.context.support.DirtiesContextBeforeModesTestExecutionListener, org.springframework.test.context.support.DependencyInjectionTestExecutionListener, org.springframework.test.context.support.DirtiesContextTestExecutionListener, org.springframework.test.context.transaction.TransactionalTestExecutionListener, org.springframework.test.context.jdbc.SqlScriptsTestExecutionListener]
21:05:54.004 [main] DEBUG org.springframework.boot.test.context.SpringBootTestContextBootstrapper - Skipping candidate TestExecutionListener [org.springframework.test.context.web.ServletTestExecutionListener] due to a missing dependency. Specify custom listener classes or make the default listener classes and their required dependencies available. Offending class: [javax/servlet/ServletContext]
21:05:54.032 [main] INFO org.springframework.boot.test.context.SpringBootTestContextBootstrapper - Using TestExecutionListeners: [org.springframework.test.context.support.DirtiesContextBeforeModesTestExecutionListener@245b4bdc, org.springframework.boot.test.mock.mockito.MockitoTestExecutionListener@6c64cb25, org.springframework.boot.test.autoconfigure.SpringBootDependencyInjectionTestExecutionListener@6ae5aa72, org.springframework.test.context.support.DirtiesContextTestExecutionListener@222545dc, org.springframework.test.context.transaction.TransactionalTestExecutionListener@5c5eefef, org.springframework.test.context.jdbc.SqlScriptsTestExecutionListener@16293aa2, org.springframework.boot.test.mock.mockito.ResetMocksTestExecutionListener@5158b42f, org.springframework.boot.test.autoconfigure.restdocs.RestDocsTestExecutionListener@595b007d, org.springframework.boot.test.autoconfigure.web.client.MockRestServiceServerResetTestExecutionListener@72d1ad2e, org.springframework.boot.test.autoconfigure.web.servlet.MockMvcPrintOnlyOnFailureTestExecutionListener@2d7275fc, org.springframework.boot.test.autoconfigure.web.servlet.WebDriverTestExecutionListener@399f45b1]
21:05:54.037 [main] DEBUG org.springframework.test.annotation.ProfileValueUtils - Retrieved @ProfileValueSourceConfiguration [null] for test class [com.sai.SpringBootDataApp2ApplicationTests]
21:05:54.039 [main] DEBUG org.springframework.test.annotation.ProfileValueUtils - Retrieved ProfileValueSource type [class org.springframework.test.annotation.SystemProfileValueSource] for class [com.sai.SpringBootDataApp2ApplicationTests]
21:05:54.043 [main] DEBUG org.springframework.test.annotation.ProfileValueUtils - Retrieved @ProfileValueSourceConfiguration [null] for test class [com.sai.SpringBootDataApp2ApplicationTests]
21:05:54.043 [main] DEBUG org.springframework.test.annotation.ProfileValueUtils - Retrieved ProfileValueSource type [class org.springframework.test.annotation.SystemProfileValueSource] for class [com.sai.SpringBootDataApp2ApplicationTests]
21:05:54.044 [main] DEBUG org.springframework.test.annotation.ProfileValueUtils - Retrieved @ProfileValueSourceConfiguration [null] for test class [com.sai.SpringBootDataApp2ApplicationTests]
21:05:54.045 [main] DEBUG org.springframework.test.annotation.ProfileValueUtils - Retrieved ProfileValueSource type [class org.springframework.test.annotation.SystemProfileValueSource] for class [com.sai.SpringBootDataApp2ApplicationTests]
21:05:54.054 [main] DEBUG org.springframework.test.context.support.AbstractDirtiesContextTestExecutionListener - Before test class: context [DefaultTestContext@1b7cc17c testClass = SpringBootDataApp2ApplicationTests, testInstance = [null], testMethod = [null], testException = [null], mergedContextConfiguration = [MergedContextConfiguration@59662a0b testClass = SpringBootDataApp2ApplicationTests, locations = '{}', classes = '{class com.sai.SpringBootDataApp2Application}', contextInitializerClasses = '[]', activeProfiles = '{}', propertySourceLocations = '{}', propertySourceProperties = '{org.springframework.boot.test.context.SpringBootTestContextBootstrapper=true}', contextCustomizers = set[org.springframework.boot.test.context.filter.ExcludeFilterContextCustomizer@4923ab24, org.springframework.boot.test.json.DuplicateJsonObjectContextCustomizerFactory$DuplicateJsonObjectContextCustomizer@46daef40, org.springframework.boot.test.mock.mockito.MockitoContextCustomizer@0, org.springframework.boot.test.web.client.TestRestTemplateContextCustomizer@4a87761d, org.springframework.boot.test.autoconfigure.properties.PropertyMappingContextCustomizer@0, org.springframework.boot.test.autoconfigure.web.servlet.WebDriverContextCustomizerFactory$Customizer@543c6f6d], contextLoader = 'org.springframework.boot.test.context.SpringBootContextLoader', parent = [null]], attributes = map[[empty]]], class annotated with @DirtiesContext [false] with mode [null].
]]></system-out>
  </testcase>
  <testcase name="testDeleteTeacher_BySpecialization" classname="com.sai.SpringBootDataApp2ApplicationTests" time="0">
    <skipped/>
  </testcase>
  <testcase name="testInsertTeacher_Success" classname="com.sai.SpringBootDataApp2ApplicationTests" time="0.344"/>
</testsuite>